androidx_compose/library/build/intermediates/manifest_merge_blame_file/debug/manifest-merger-blame-debug-report.txt
1<?xml version="1.0" encoding="utf-8"?>
2<manifest xmlns:android="http://schemas.android.com/apk/res/android"
3    package="me.omico.lux.compose.material3.pullrefresh" >
4
5    <uses-sdk android:minSdkVersion="21" />
5-->ProcessLibraryManifest\debug\tempAndroidManifest5303141675695050078.xml
6
7</manifest>